2025-05-28 15:40:43,385 - __main__ - INFO - Initializing Archaeological Research System...
2025-05-28 15:40:43,386 - config_loader - INFO - Config loader initialized with path: ../config.json
2025-05-28 15:40:43,387 - config_loader - ERROR - Error loading configuration: [Errno 2] No such file or directory: '../config.json'
2025-05-28 15:40:43,388 - __main__ - INFO - Created output directory: results
2025-05-28 15:40:43,390 - __main__ - INFO - Created output directory: results/visualizations
2025-05-28 15:40:43,391 - lidar_processing - INFO - Initializing LiDAR Processing...
2025-05-28 15:40:43,393 - lidar_processing - WARNING - LiDAR input or output path not specified in config.
2025-05-28 15:40:43,395 - lidar_processing - INFO - LiDAR Processing initialized.
2025-05-28 15:40:43,395 - satellite_processing - INFO - Satellite processor initialized
2025-05-28 15:40:43,397 - historical_analysis - INFO - Historical analyzer initialized
2025-05-28 15:40:43,398 - data_fusion - INFO - Data fusion system initialized
2025-05-28 15:40:43,398 - validation - INFO - Validation system initialized
2025-05-28 15:40:43,399 - visualization - INFO - Visualization system initialized
2025-05-28 15:40:43,401 - __main__ - INFO - Archaeological Research System initialized.
2025-05-28 15:40:43,401 - __main__ - INFO - Processing LIDAR data...
2025-05-28 15:40:43,403 - lidar_processing - INFO - Processing 1 LiDAR files: ['data/sample/lidar\\dummy.las']
2025-05-28 15:40:43,405 - lidar_processing - INFO - LiDAR data processing complete.
2025-05-28 15:40:43,405 - __main__ - INFO - LIDAR data processing complete.
2025-05-28 15:40:43,405 - __main__ - INFO - LIDAR data processing completed
2025-05-28 15:40:43,406 - satellite_processing - INFO - Processing satellite image: data/sample/satellite
2025-05-28 15:40:43,407 - __main__ - INFO - Satellite data processing completed
2025-05-28 15:40:43,409 - historical_analysis - INFO - Analyzing historical data from: data/sample/historical
2025-05-28 15:40:43,410 - __main__ - INFO - Historical data analysis completed
2025-05-28 15:40:43,412 - data_fusion - INFO - Fusing data from multiple sources
2025-05-28 15:40:43,413 - __main__ - INFO - Data fusion completed
2025-05-28 15:40:43,414 - validation - INFO - Validating archaeological data
2025-05-28 15:40:43,415 - __main__ - INFO - Validation completed
2025-05-28 15:40:43,416 - visualization - INFO - Creating visualizations
2025-05-28 15:40:43,416 - __main__ - INFO - Visualization completed
2025-05-28 15:40:43,417 - __main__ - INFO - Archaeological research process completed successfully
