2025-05-28 16:29:38,340 - __main__ - INFO - Initializing Archaeological Research System...
2025-05-28 16:29:38,343 - config_loader - INFO - Config loader initialized with path: config.json
2025-05-28 16:29:38,345 - config_loader - INFO - Configuration loaded successfully
2025-05-28 16:29:38,347 - __main__ - INFO - Created output directory: data/amazon/results
2025-05-28 16:29:38,349 - __main__ - INFO - Created output directory: data/amazon/visualizations
2025-05-28 16:29:38,351 - __main__ - INFO - Created output directory: data/amazon/logs
2025-05-28 16:29:38,352 - lidar_processing - INFO - Initializing LiDAR Processing...
2025-05-28 16:29:38,353 - lidar_processing - INFO - LiDAR Processing initialized.
2025-05-28 16:29:38,354 - satellite_processing - INFO - Satellite processor initialized
2025-05-28 16:29:38,356 - historical_analysis - INFO - Historical analyzer initialized
2025-05-28 16:29:38,357 - data_fusion - INFO - Data fusion system initialized
2025-05-28 16:29:38,358 - validation - INFO - Validation system initialized
2025-05-28 16:29:38,359 - visualization - INFO - Visualization system initialized
2025-05-28 16:29:38,360 - __main__ - INFO - Archaeological Research System initialized.
2025-05-28 16:29:38,360 - __main__ - INFO - Processing LIDAR data...
2025-05-28 16:29:38,362 - lidar_processing - INFO - Processing LIDAR data...
2025-05-28 16:29:38,367 - lidar_processing - INFO - Findings saved to data/amazon/results\lidar_findings_20250528_162938.json
2025-05-28 16:29:38,369 - lidar_processing - INFO - LIDAR data processing complete.
2025-05-28 16:29:38,370 - __main__ - INFO - LIDAR data processing complete.
2025-05-28 16:29:38,372 - __main__ - INFO - LIDAR data processing completed
2025-05-28 16:29:38,373 - satellite_processing - INFO - Processing satellite image: data/amazon/satellite
2025-05-28 16:29:38,374 - __main__ - INFO - Satellite data processing completed
2025-05-28 16:29:38,375 - historical_analysis - INFO - Analyzing historical data from: data/amazon/historical
2025-05-28 16:29:38,377 - __main__ - INFO - Historical data analysis completed
2025-05-28 16:29:38,378 - data_fusion - INFO - Fusing data from multiple sources
2025-05-28 16:29:38,379 - __main__ - INFO - Data fusion completed
2025-05-28 16:29:38,380 - validation - INFO - Validating archaeological data
2025-05-28 16:29:38,381 - __main__ - INFO - Validation completed
2025-05-28 16:29:38,382 - visualization - INFO - Creating visualizations
2025-05-28 16:29:38,384 - __main__ - INFO - Visualization completed
2025-05-28 16:29:38,384 - __main__ - INFO - Archaeological research process completed successfully
