2025-05-28 21:42:17,354 - __main__ - INFO - Initializing Archaeological Research System...
2025-05-28 21:42:17,355 - config_loader - INFO - Config loader initialized with path: config.json
2025-05-28 21:42:17,355 - config_loader - INFO - Configuration loaded successfully
2025-05-28 21:42:17,356 - __main__ - INFO - Created output directory: data/amazon/results
2025-05-28 21:42:17,356 - __main__ - INFO - Created output directory: data/amazon/visualizations
2025-05-28 21:42:17,356 - __main__ - INFO - Created output directory: data/amazon/logs
2025-05-28 21:42:17,357 - lidar_processing - INFO - Initializing LiDAR Processing...
2025-05-28 21:42:17,357 - lidar_processing - INFO - LiDAR Processing initialized.
2025-05-28 21:42:17,357 - satellite_processing - INFO - Satellite processor initialized
2025-05-28 21:42:17,357 - historical_analysis - INFO - Historical analyzer initialized
2025-05-28 21:42:17,358 - data_fusion - INFO - Data fusion system initialized
2025-05-28 21:42:17,358 - validation - INFO - Validation system initialized
2025-05-28 21:42:17,358 - __main__ - INFO - Archaeological Research System initialized.
2025-05-28 21:42:17,358 - __main__ - INFO - Processing LIDAR data...
2025-05-28 21:42:17,359 - lidar_processing - INFO - Processing LIDAR data...
2025-05-28 21:42:53,908 - lidar_processing - INFO - Found 61766 potential archaeological sites
2025-05-28 21:42:53,917 - __main__ - INFO - LIDAR data processing complete.
2025-05-28 21:42:53,917 - __main__ - INFO - LIDAR data processing completed
2025-05-28 21:42:53,917 - satellite_processing - INFO - Processing satellite image: data/amazon/satellite
2025-05-28 21:42:53,918 - __main__ - INFO - Satellite data processing completed
2025-05-28 21:42:53,918 - historical_analysis - INFO - Analyzing historical data from: data/amazon/historical
2025-05-28 21:42:53,919 - __main__ - INFO - Historical data analysis completed
2025-05-28 21:42:53,919 - data_fusion - INFO - Fusing data from multiple sources
2025-05-28 21:42:53,920 - __main__ - INFO - Data fusion completed
2025-05-28 21:42:53,921 - validation - INFO - Validating archaeological data
2025-05-28 21:42:53,921 - __main__ - INFO - Validation completed
2025-05-28 21:42:53,922 - visualization - INFO - Creating visualizations...
2025-05-28 21:42:55,749 - __main__ - INFO - Visualization completed
2025-05-28 21:42:55,750 - __main__ - INFO - Archaeological research process completed successfully
