2025-05-28 16:09:02,982 - __main__ - INFO - Initializing Archaeological Research System...
2025-05-28 16:09:02,983 - config_loader - INFO - Config loader initialized with path: config.json
2025-05-28 16:09:02,986 - config_loader - INFO - Configuration loaded successfully
2025-05-28 16:09:02,988 - __main__ - INFO - Created output directory: data/amazon/results
2025-05-28 16:09:02,990 - __main__ - INFO - Created output directory: data/amazon/visualizations
2025-05-28 16:09:02,991 - __main__ - INFO - Created output directory: data/amazon/logs
2025-05-28 16:09:02,993 - lidar_processing - INFO - Initializing LiDAR Processing...
2025-05-28 16:09:02,994 - lidar_processing - INFO - LiDAR Processing initialized.
2025-05-28 16:09:02,995 - satellite_processing - INFO - Satellite processor initialized
2025-05-28 16:09:02,996 - historical_analysis - INFO - Historical analyzer initialized
2025-05-28 16:09:02,997 - data_fusion - INFO - Data fusion system initialized
2025-05-28 16:09:02,998 - validation - INFO - Validation system initialized
2025-05-28 16:09:02,999 - visualization - INFO - Visualization system initialized
2025-05-28 16:09:03,000 - __main__ - INFO - Archaeological Research System initialized.
2025-05-28 16:09:03,001 - __main__ - INFO - Processing LIDAR data...
2025-05-28 16:09:03,003 - lidar_processing - INFO - Processing 0 LIDAR files: []
2025-05-28 16:09:03,004 - lidar_processing - INFO - LIDAR data processing complete.
2025-05-28 16:09:03,005 - __main__ - INFO - LIDAR data processing complete.
2025-05-28 16:09:03,007 - __main__ - INFO - LIDAR data processing completed
2025-05-28 16:09:03,008 - satellite_processing - INFO - Processing satellite image: data/amazon/satellite
2025-05-28 16:09:03,009 - __main__ - INFO - Satellite data processing completed
2025-05-28 16:09:03,011 - historical_analysis - INFO - Analyzing historical data from: data/amazon/historical
2025-05-28 16:09:03,012 - __main__ - INFO - Historical data analysis completed
2025-05-28 16:09:03,013 - data_fusion - INFO - Fusing data from multiple sources
2025-05-28 16:09:03,014 - __main__ - INFO - Data fusion completed
2025-05-28 16:09:03,015 - validation - INFO - Validating archaeological data
2025-05-28 16:09:03,016 - __main__ - INFO - Validation completed
2025-05-28 16:09:03,017 - visualization - INFO - Creating visualizations
2025-05-28 16:09:03,019 - __main__ - INFO - Visualization completed
2025-05-28 16:09:03,020 - __main__ - INFO - Archaeological research process completed successfully
