2025-05-28 19:19:26,871 - __main__ - INFO - Initializing Archaeological Research System...
2025-05-28 19:19:26,872 - config_loader - INFO - Config loader initialized with path: config.json
2025-05-28 19:19:26,872 - config_loader - INFO - Configuration loaded successfully
2025-05-28 19:19:26,873 - __main__ - INFO - Created output directory: data/amazon/results
2025-05-28 19:19:26,873 - __main__ - INFO - Created output directory: data/amazon/visualizations
2025-05-28 19:19:26,874 - __main__ - INFO - Created output directory: data/amazon/logs
2025-05-28 19:19:26,879 - lidar_processing - INFO - Initializing LiDAR Processing...
2025-05-28 19:19:26,880 - lidar_processing - INFO - LiDAR Processing initialized.
2025-05-28 19:19:26,881 - satellite_processing - INFO - Satellite processor initialized
2025-05-28 19:19:26,882 - historical_analysis - INFO - Historical analyzer initialized
2025-05-28 19:19:26,883 - data_fusion - INFO - Data fusion system initialized
2025-05-28 19:19:26,884 - validation - INFO - Validation system initialized
2025-05-28 19:19:26,884 - __main__ - INFO - Archaeological Research System initialized.
2025-05-28 19:19:26,885 - __main__ - INFO - Processing LIDAR data...
2025-05-28 19:19:26,886 - lidar_processing - INFO - Processing LIDAR data...
2025-05-28 19:19:26,930 - rasterio._env - INFO - GDAL signalled an error: err_no=4, msg="`data/amazon/lidar\\xingu_lidar_20250528_191738.tif' not recognized as being in a supported file format."
2025-05-28 19:19:26,930 - lidar_processing - ERROR - Error processing LIDAR file data/amazon/lidar\xingu_lidar_20250528_191738.tif: 'data/amazon/lidar\xingu_lidar_20250528_191738.tif' not recognized as being in a supported file format.
2025-05-28 19:19:26,932 - __main__ - INFO - LIDAR data processing complete.
2025-05-28 19:19:26,932 - __main__ - INFO - LIDAR data processing completed
2025-05-28 19:19:26,932 - satellite_processing - INFO - Processing satellite image: data/amazon/satellite
2025-05-28 19:19:26,933 - __main__ - INFO - Satellite data processing completed
2025-05-28 19:19:26,933 - historical_analysis - INFO - Analyzing historical data from: data/amazon/historical
2025-05-28 19:19:26,933 - __main__ - INFO - Historical data analysis completed
2025-05-28 19:19:26,934 - data_fusion - INFO - Fusing data from multiple sources
2025-05-28 19:19:26,934 - __main__ - INFO - Data fusion completed
2025-05-28 19:19:26,934 - validation - INFO - Validating archaeological data
2025-05-28 19:19:26,935 - __main__ - INFO - Validation completed
2025-05-28 19:19:26,935 - visualization - INFO - Creating visualizations...
2025-05-28 19:19:27,100 - visualization - ERROR - Error creating visualizations: 'sites'
2025-05-28 19:19:27,100 - __main__ - ERROR - Error in archaeological research process: 'sites'
