2025-05-28 16:18:53,046 - __main__ - INFO - Initializing Archaeological Research System...
2025-05-28 16:18:53,047 - config_loader - INFO - Config loader initialized with path: config.json
2025-05-28 16:18:53,050 - config_loader - INFO - Configuration loaded successfully
2025-05-28 16:18:53,053 - __main__ - INFO - Created output directory: data/amazon/results
2025-05-28 16:18:53,055 - __main__ - INFO - Created output directory: data/amazon/visualizations
2025-05-28 16:18:53,057 - __main__ - INFO - Created output directory: data/amazon/logs
2025-05-28 16:18:53,059 - lidar_processing - INFO - Initializing LiDAR Processing...
2025-05-28 16:18:53,060 - lidar_processing - INFO - LiDAR Processing initialized.
2025-05-28 16:18:53,061 - satellite_processing - INFO - Satellite processor initialized
2025-05-28 16:18:53,062 - historical_analysis - INFO - Historical analyzer initialized
2025-05-28 16:18:53,063 - data_fusion - INFO - Data fusion system initialized
2025-05-28 16:18:53,064 - validation - INFO - Validation system initialized
2025-05-28 16:18:53,064 - visualization - INFO - Visualization system initialized
2025-05-28 16:18:53,065 - __main__ - INFO - Archaeological Research System initialized.
2025-05-28 16:18:53,066 - __main__ - INFO - Processing LIDAR data...
2025-05-28 16:18:53,067 - lidar_processing - INFO - Processing 0 LIDAR files: []
2025-05-28 16:18:53,068 - lidar_processing - INFO - LIDAR data processing complete.
2025-05-28 16:18:53,068 - __main__ - INFO - LIDAR data processing complete.
2025-05-28 16:18:53,069 - __main__ - INFO - LIDAR data processing completed
2025-05-28 16:18:53,070 - satellite_processing - INFO - Processing satellite image: data/amazon/satellite
2025-05-28 16:18:53,071 - __main__ - INFO - Satellite data processing completed
2025-05-28 16:18:53,071 - historical_analysis - INFO - Analyzing historical data from: data/amazon/historical
2025-05-28 16:18:53,073 - __main__ - INFO - Historical data analysis completed
2025-05-28 16:18:53,073 - data_fusion - INFO - Fusing data from multiple sources
2025-05-28 16:18:53,074 - __main__ - INFO - Data fusion completed
2025-05-28 16:18:53,075 - validation - INFO - Validating archaeological data
2025-05-28 16:18:53,076 - __main__ - INFO - Validation completed
2025-05-28 16:18:53,077 - visualization - INFO - Creating visualizations
2025-05-28 16:18:53,078 - __main__ - INFO - Visualization completed
2025-05-28 16:18:53,079 - __main__ - INFO - Archaeological research process completed successfully
