2025-05-28 18:40:05,585 - __main__ - INFO - Initializing Archaeological Research System...
2025-05-28 18:40:05,586 - config_loader - INFO - Config loader initialized with path: config.json
2025-05-28 18:40:05,586 - config_loader - INFO - Configuration loaded successfully
2025-05-28 18:40:05,587 - __main__ - INFO - Created output directory: data/amazon/results
2025-05-28 18:40:05,588 - __main__ - INFO - Created output directory: data/amazon/visualizations
2025-05-28 18:40:05,588 - __main__ - INFO - Created output directory: data/amazon/logs
2025-05-28 18:40:05,589 - lidar_processing - INFO - Initializing LiDAR Processing...
2025-05-28 18:40:05,589 - lidar_processing - INFO - LiDAR Processing initialized.
2025-05-28 18:40:05,589 - satellite_processing - INFO - Satellite processor initialized
2025-05-28 18:40:05,589 - historical_analysis - INFO - Historical analyzer initialized
2025-05-28 18:40:05,590 - data_fusion - INFO - Data fusion system initialized
2025-05-28 18:40:05,590 - validation - INFO - Validation system initialized
2025-05-28 18:40:05,590 - __main__ - INFO - Archaeological Research System initialized.
2025-05-28 18:40:05,591 - __main__ - INFO - Processing LIDAR data...
2025-05-28 18:40:05,591 - lidar_processing - INFO - Processing LIDAR data...
2025-05-28 18:40:05,745 - rasterio._env - INFO - GDAL signalled an error: err_no=4, msg="`data/amazon/lidar\\dummy.las' not recognized as being in a supported file format."
2025-05-28 18:40:05,746 - lidar_processing - ERROR - Error processing LIDAR file data/amazon/lidar\dummy.las: 'data/amazon/lidar\dummy.las' not recognized as being in a supported file format.
2025-05-28 18:40:05,746 - __main__ - INFO - LIDAR data processing complete.
2025-05-28 18:40:05,747 - __main__ - INFO - LIDAR data processing completed
2025-05-28 18:40:05,747 - satellite_processing - INFO - Processing satellite image: data/amazon/satellite
2025-05-28 18:40:05,747 - __main__ - INFO - Satellite data processing completed
2025-05-28 18:40:05,748 - historical_analysis - INFO - Analyzing historical data from: data/amazon/historical
2025-05-28 18:40:05,748 - __main__ - INFO - Historical data analysis completed
2025-05-28 18:40:05,748 - data_fusion - INFO - Fusing data from multiple sources
2025-05-28 18:40:05,748 - __main__ - INFO - Data fusion completed
2025-05-28 18:40:05,748 - validation - INFO - Validating archaeological data
2025-05-28 18:40:05,748 - __main__ - INFO - Validation completed
2025-05-28 18:40:05,749 - visualization - INFO - Creating visualizations...
2025-05-28 18:40:05,752 - visualization - ERROR - Error creating visualizations: Custom tiles must have an attribution.
2025-05-28 18:40:05,752 - __main__ - ERROR - Error in archaeological research process: Custom tiles must have an attribution.
