2025-05-28 16:08:20,472 - __main__ - INFO - Initializing Archaeological Research System...
2025-05-28 16:08:20,473 - config_loader - INFO - Config loader initialized with path: config.json
2025-05-28 16:08:20,474 - config_loader - INFO - Configuration loaded successfully
2025-05-28 16:08:20,475 - __main__ - INFO - Created output directory: data/amazon/results
2025-05-28 16:08:20,476 - __main__ - INFO - Created output directory: data/amazon/visualizations
2025-05-28 16:08:20,477 - __main__ - INFO - Created output directory: data/amazon/logs
2025-05-28 16:08:20,481 - lidar_processing - INFO - Initializing LiDAR Processing...
2025-05-28 16:08:20,482 - lidar_processing - INFO - LiDAR Processing initialized.
2025-05-28 16:08:20,482 - satellite_processing - INFO - Satellite processor initialized
2025-05-28 16:08:20,484 - historical_analysis - INFO - Historical analyzer initialized
2025-05-28 16:08:20,484 - data_fusion - INFO - Data fusion system initialized
2025-05-28 16:08:20,486 - validation - INFO - Validation system initialized
2025-05-28 16:08:20,487 - visualization - INFO - Visualization system initialized
2025-05-28 16:08:20,487 - __main__ - INFO - Archaeological Research System initialized.
2025-05-28 16:08:20,488 - __main__ - INFO - Processing LIDAR data...
2025-05-28 16:08:20,490 - lidar_processing - INFO - Processing 0 LIDAR files: []
2025-05-28 16:08:20,491 - lidar_processing - INFO - LIDAR data processing complete.
2025-05-28 16:08:20,491 - __main__ - INFO - LIDAR data processing complete.
2025-05-28 16:08:20,492 - __main__ - INFO - LIDAR data processing completed
2025-05-28 16:08:20,493 - satellite_processing - INFO - Processing satellite image: data/amazon/satellite
2025-05-28 16:08:20,494 - __main__ - INFO - Satellite data processing completed
2025-05-28 16:08:20,495 - historical_analysis - INFO - Analyzing historical data from: data/amazon/historical
2025-05-28 16:08:20,496 - __main__ - INFO - Historical data analysis completed
2025-05-28 16:08:20,497 - data_fusion - INFO - Fusing data from multiple sources
2025-05-28 16:08:20,498 - __main__ - INFO - Data fusion completed
2025-05-28 16:08:20,500 - validation - INFO - Validating archaeological data
2025-05-28 16:08:20,501 - __main__ - INFO - Validation completed
2025-05-28 16:08:20,503 - visualization - INFO - Creating visualizations
2025-05-28 16:08:20,504 - __main__ - INFO - Visualization completed
2025-05-28 16:08:20,505 - __main__ - INFO - Archaeological research process completed successfully
